2017-04-22 16:24:33,655 - Log4JLogChute initialized using file 'velocity.log'
2017-04-22 16:24:33,656 - Initializing Velocity, Calling init()...
2017-04-22 16:24:33,656 - Starting Apache Velocity v1.7 (compiled: 2010-11-19 12:14:37)
2017-04-22 16:24:33,656 - Default Properties File: org\apache\velocity\runtime\defaults\velocity.properties
2017-04-22 16:24:33,656 - Trying to use logger class org.apache.velocity.runtime.log.AvalonLogChute
2017-04-22 16:24:33,656 - Target log system for org.apache.velocity.runtime.log.AvalonLogChute is not available (java.lang.NoClassDefFoundError: org/apache/log/format/Formatter).  Falling back to next log system...
2017-04-22 16:24:33,656 - Trying to use logger class org.apache.velocity.runtime.log.Log4JLogChute
2017-04-22 16:24:33,657 - Using logger class org.apache.velocity.runtime.log.Log4JLogChute
2017-04-22 16:24:33,666 - ResourceLoader instantiated: org.apache.velocity.runtime.resource.loader.FileResourceLoader
2017-04-22 16:24:33,667 - Do unicode file recognition:  false
2017-04-22 16:24:33,668 - FileResourceLoader : adding path '.'
2017-04-22 16:24:33,678 - ResourceCache: initialized (class org.apache.velocity.runtime.resource.ResourceCacheImpl) with class java.util.Collections$SynchronizedMap cache map.
2017-04-22 16:24:33,680 - Loaded System Directive: org.apache.velocity.runtime.directive.Stop
2017-04-22 16:24:33,681 - Loaded System Directive: org.apache.velocity.runtime.directive.Define
2017-04-22 16:24:33,681 - Loaded System Directive: org.apache.velocity.runtime.directive.Break
2017-04-22 16:24:33,682 - Loaded System Directive: org.apache.velocity.runtime.directive.Evaluate
2017-04-22 16:24:33,683 - Loaded System Directive: org.apache.velocity.runtime.directive.Literal
2017-04-22 16:24:33,684 - Loaded System Directive: org.apache.velocity.runtime.directive.Macro
2017-04-22 16:24:33,685 - Loaded System Directive: org.apache.velocity.runtime.directive.Parse
2017-04-22 16:24:33,686 - Loaded System Directive: org.apache.velocity.runtime.directive.Include
2017-04-22 16:24:33,687 - Loaded System Directive: org.apache.velocity.runtime.directive.Foreach
2017-04-22 16:24:33,764 - Created '20' parsers.
2017-04-22 16:24:33,772 - Velocimacro : "velocimacro.library" is not set.  Trying default library: VM_global_library.vm
2017-04-22 16:24:33,773 - Velocimacro : Default library not found.
2017-04-22 16:24:33,773 - Velocimacro : allowInline = true : VMs can be defined inline in templates
2017-04-22 16:24:33,773 - Velocimacro : allowInlineToOverride = false : VMs defined inline may NOT replace previous VM definitions
2017-04-22 16:24:33,773 - Velocimacro : allowInlineLocal = false : VMs defined inline will be global in scope if allowed.
2017-04-22 16:24:33,773 - Velocimacro : autoload off : VM system will not automatically reload global library macros
2017-04-22 16:24:33,797 - Log4JLogChute initialized using file 'velocity.log'
2017-04-22 16:24:33,797 - Log4JLogChute initialized using file 'velocity.log'
2017-04-22 16:24:33,801 - Initializing Velocity, Calling init()...
2017-04-22 16:24:33,801 - Initializing Velocity, Calling init()...
2017-04-22 16:24:33,801 - Starting Apache Velocity v1.7 (compiled: 2010-11-19 12:14:37)
2017-04-22 16:24:33,801 - Starting Apache Velocity v1.7 (compiled: 2010-11-19 12:14:37)
2017-04-22 16:24:33,801 - Default Properties File: org\apache\velocity\runtime\defaults\velocity.properties
2017-04-22 16:24:33,801 - Default Properties File: org\apache\velocity\runtime\defaults\velocity.properties
2017-04-22 16:24:33,802 - Trying to use logger class org.apache.velocity.runtime.log.AvalonLogChute
2017-04-22 16:24:33,802 - Trying to use logger class org.apache.velocity.runtime.log.AvalonLogChute
2017-04-22 16:24:33,802 - Target log system for org.apache.velocity.runtime.log.AvalonLogChute is not available (java.lang.NoClassDefFoundError: org/apache/log/format/Formatter).  Falling back to next log system...
2017-04-22 16:24:33,802 - Target log system for org.apache.velocity.runtime.log.AvalonLogChute is not available (java.lang.NoClassDefFoundError: org/apache/log/format/Formatter).  Falling back to next log system...
2017-04-22 16:24:33,802 - Trying to use logger class org.apache.velocity.runtime.log.Log4JLogChute
2017-04-22 16:24:33,802 - Trying to use logger class org.apache.velocity.runtime.log.Log4JLogChute
2017-04-22 16:24:33,802 - Using logger class org.apache.velocity.runtime.log.Log4JLogChute
2017-04-22 16:24:33,802 - Using logger class org.apache.velocity.runtime.log.Log4JLogChute
2017-04-22 16:24:33,803 - ResourceLoader instantiated: org.apache.velocity.runtime.resource.loader.FileResourceLoader
2017-04-22 16:24:33,803 - ResourceLoader instantiated: org.apache.velocity.runtime.resource.loader.FileResourceLoader
2017-04-22 16:24:33,803 - Do unicode file recognition:  false
2017-04-22 16:24:33,803 - Do unicode file recognition:  false
2017-04-22 16:24:33,803 - FileResourceLoader : adding path '.'
2017-04-22 16:24:33,803 - FileResourceLoader : adding path '.'
2017-04-22 16:24:33,803 - ResourceCache: initialized (class org.apache.velocity.runtime.resource.ResourceCacheImpl) with class java.util.Collections$SynchronizedMap cache map.
2017-04-22 16:24:33,803 - ResourceCache: initialized (class org.apache.velocity.runtime.resource.ResourceCacheImpl) with class java.util.Collections$SynchronizedMap cache map.
2017-04-22 16:24:33,803 - Loaded System Directive: org.apache.velocity.runtime.directive.Stop
2017-04-22 16:24:33,803 - Loaded System Directive: org.apache.velocity.runtime.directive.Stop
2017-04-22 16:24:33,803 - Loaded System Directive: org.apache.velocity.runtime.directive.Define
2017-04-22 16:24:33,803 - Loaded System Directive: org.apache.velocity.runtime.directive.Define
2017-04-22 16:24:33,803 - Loaded System Directive: org.apache.velocity.runtime.directive.Break
2017-04-22 16:24:33,803 - Loaded System Directive: org.apache.velocity.runtime.directive.Break
2017-04-22 16:24:33,803 - Loaded System Directive: org.apache.velocity.runtime.directive.Evaluate
2017-04-22 16:24:33,803 - Loaded System Directive: org.apache.velocity.runtime.directive.Evaluate
2017-04-22 16:24:33,803 - Loaded System Directive: org.apache.velocity.runtime.directive.Literal
2017-04-22 16:24:33,803 - Loaded System Directive: org.apache.velocity.runtime.directive.Literal
2017-04-22 16:24:33,804 - Loaded System Directive: org.apache.velocity.runtime.directive.Macro
2017-04-22 16:24:33,804 - Loaded System Directive: org.apache.velocity.runtime.directive.Macro
2017-04-22 16:24:33,804 - Loaded System Directive: org.apache.velocity.runtime.directive.Parse
2017-04-22 16:24:33,804 - Loaded System Directive: org.apache.velocity.runtime.directive.Parse
2017-04-22 16:24:33,804 - Loaded System Directive: org.apache.velocity.runtime.directive.Include
2017-04-22 16:24:33,804 - Loaded System Directive: org.apache.velocity.runtime.directive.Include
2017-04-22 16:24:33,804 - Loaded System Directive: org.apache.velocity.runtime.directive.Foreach
2017-04-22 16:24:33,804 - Loaded System Directive: org.apache.velocity.runtime.directive.Foreach
2017-04-22 16:24:33,805 - Created '20' parsers.
2017-04-22 16:24:33,805 - Created '20' parsers.
2017-04-22 16:24:33,805 - Velocimacro : "velocimacro.library" is not set.  Trying default library: VM_global_library.vm
2017-04-22 16:24:33,805 - Velocimacro : "velocimacro.library" is not set.  Trying default library: VM_global_library.vm
2017-04-22 16:24:33,805 - Velocimacro : Default library not found.
2017-04-22 16:24:33,805 - Velocimacro : Default library not found.
2017-04-22 16:24:33,805 - Velocimacro : allowInline = true : VMs can be defined inline in templates
2017-04-22 16:24:33,805 - Velocimacro : allowInline = true : VMs can be defined inline in templates
2017-04-22 16:24:33,805 - Velocimacro : allowInlineToOverride = false : VMs defined inline may NOT replace previous VM definitions
2017-04-22 16:24:33,805 - Velocimacro : allowInlineToOverride = false : VMs defined inline may NOT replace previous VM definitions
2017-04-22 16:24:33,805 - Velocimacro : allowInlineLocal = false : VMs defined inline will be global in scope if allowed.
2017-04-22 16:24:33,805 - Velocimacro : allowInlineLocal = false : VMs defined inline will be global in scope if allowed.
2017-04-22 16:24:33,805 - Velocimacro : autoload off : VM system will not automatically reload global library macros
2017-04-22 16:24:33,805 - Velocimacro : autoload off : VM system will not automatically reload global library macros
2017-04-22 16:24:33,807 - ResourceManager : unable to find resource 'src/main/resources/template/generatorConfig.vm' in any resource loader.
2017-04-22 16:24:33,807 - ResourceManager : unable to find resource 'src/main/resources/template/generatorConfig.vm' in any resource loader.
2017-04-22 16:25:43,500 - Log4JLogChute initialized using file 'velocity.log'
2017-04-22 16:25:43,500 - Initializing Velocity, Calling init()...
2017-04-22 16:25:43,500 - Starting Apache Velocity v1.7 (compiled: 2010-11-19 12:14:37)
2017-04-22 16:25:43,500 - Default Properties File: org\apache\velocity\runtime\defaults\velocity.properties
2017-04-22 16:25:43,500 - Trying to use logger class org.apache.velocity.runtime.log.AvalonLogChute
2017-04-22 16:25:43,500 - Target log system for org.apache.velocity.runtime.log.AvalonLogChute is not available (java.lang.NoClassDefFoundError: org/apache/log/format/Formatter).  Falling back to next log system...
2017-04-22 16:25:43,500 - Trying to use logger class org.apache.velocity.runtime.log.Log4JLogChute
2017-04-22 16:25:43,501 - Using logger class org.apache.velocity.runtime.log.Log4JLogChute
2017-04-22 16:25:43,506 - ResourceLoader instantiated: org.apache.velocity.runtime.resource.loader.FileResourceLoader
2017-04-22 16:25:43,507 - Do unicode file recognition:  false
2017-04-22 16:25:43,507 - FileResourceLoader : adding path '.'
2017-04-22 16:25:43,518 - ResourceCache: initialized (class org.apache.velocity.runtime.resource.ResourceCacheImpl) with class java.util.Collections$SynchronizedMap cache map.
2017-04-22 16:25:43,519 - Loaded System Directive: org.apache.velocity.runtime.directive.Stop
2017-04-22 16:25:43,520 - Loaded System Directive: org.apache.velocity.runtime.directive.Define
2017-04-22 16:25:43,521 - Loaded System Directive: org.apache.velocity.runtime.directive.Break
2017-04-22 16:25:43,521 - Loaded System Directive: org.apache.velocity.runtime.directive.Evaluate
2017-04-22 16:25:43,522 - Loaded System Directive: org.apache.velocity.runtime.directive.Literal
2017-04-22 16:25:43,523 - Loaded System Directive: org.apache.velocity.runtime.directive.Macro
2017-04-22 16:25:43,524 - Loaded System Directive: org.apache.velocity.runtime.directive.Parse
2017-04-22 16:25:43,525 - Loaded System Directive: org.apache.velocity.runtime.directive.Include
2017-04-22 16:25:43,526 - Loaded System Directive: org.apache.velocity.runtime.directive.Foreach
2017-04-22 16:25:43,550 - Created '20' parsers.
2017-04-22 16:25:43,557 - Velocimacro : "velocimacro.library" is not set.  Trying default library: VM_global_library.vm
2017-04-22 16:25:43,557 - Velocimacro : Default library not found.
2017-04-22 16:25:43,557 - Velocimacro : allowInline = true : VMs can be defined inline in templates
2017-04-22 16:25:43,557 - Velocimacro : allowInlineToOverride = false : VMs defined inline may NOT replace previous VM definitions
2017-04-22 16:25:43,557 - Velocimacro : allowInlineLocal = false : VMs defined inline will be global in scope if allowed.
2017-04-22 16:25:43,557 - Velocimacro : autoload off : VM system will not automatically reload global library macros
2017-04-22 16:25:43,572 - Log4JLogChute initialized using file 'velocity.log'
2017-04-22 16:25:43,572 - Log4JLogChute initialized using file 'velocity.log'
2017-04-22 16:25:43,573 - Initializing Velocity, Calling init()...
2017-04-22 16:25:43,573 - Initializing Velocity, Calling init()...
2017-04-22 16:25:43,573 - Starting Apache Velocity v1.7 (compiled: 2010-11-19 12:14:37)
2017-04-22 16:25:43,573 - Starting Apache Velocity v1.7 (compiled: 2010-11-19 12:14:37)
2017-04-22 16:25:43,573 - Default Properties File: org\apache\velocity\runtime\defaults\velocity.properties
2017-04-22 16:25:43,573 - Default Properties File: org\apache\velocity\runtime\defaults\velocity.properties
2017-04-22 16:25:43,573 - Trying to use logger class org.apache.velocity.runtime.log.AvalonLogChute
2017-04-22 16:25:43,573 - Trying to use logger class org.apache.velocity.runtime.log.AvalonLogChute
2017-04-22 16:25:43,573 - Target log system for org.apache.velocity.runtime.log.AvalonLogChute is not available (java.lang.NoClassDefFoundError: org/apache/log/format/Formatter).  Falling back to next log system...
2017-04-22 16:25:43,573 - Target log system for org.apache.velocity.runtime.log.AvalonLogChute is not available (java.lang.NoClassDefFoundError: org/apache/log/format/Formatter).  Falling back to next log system...
2017-04-22 16:25:43,573 - Trying to use logger class org.apache.velocity.runtime.log.Log4JLogChute
2017-04-22 16:25:43,573 - Trying to use logger class org.apache.velocity.runtime.log.Log4JLogChute
2017-04-22 16:25:43,573 - Using logger class org.apache.velocity.runtime.log.Log4JLogChute
2017-04-22 16:25:43,573 - Using logger class org.apache.velocity.runtime.log.Log4JLogChute
2017-04-22 16:25:43,574 - ResourceLoader instantiated: org.apache.velocity.runtime.resource.loader.FileResourceLoader
2017-04-22 16:25:43,574 - ResourceLoader instantiated: org.apache.velocity.runtime.resource.loader.FileResourceLoader
2017-04-22 16:25:43,574 - Do unicode file recognition:  false
2017-04-22 16:25:43,574 - Do unicode file recognition:  false
2017-04-22 16:25:43,574 - FileResourceLoader : adding path '.'
2017-04-22 16:25:43,574 - FileResourceLoader : adding path '.'
2017-04-22 16:25:43,574 - ResourceCache: initialized (class org.apache.velocity.runtime.resource.ResourceCacheImpl) with class java.util.Collections$SynchronizedMap cache map.
2017-04-22 16:25:43,574 - ResourceCache: initialized (class org.apache.velocity.runtime.resource.ResourceCacheImpl) with class java.util.Collections$SynchronizedMap cache map.
2017-04-22 16:25:43,575 - Loaded System Directive: org.apache.velocity.runtime.directive.Stop
2017-04-22 16:25:43,575 - Loaded System Directive: org.apache.velocity.runtime.directive.Stop
2017-04-22 16:25:43,575 - Loaded System Directive: org.apache.velocity.runtime.directive.Define
2017-04-22 16:25:43,575 - Loaded System Directive: org.apache.velocity.runtime.directive.Define
2017-04-22 16:25:43,575 - Loaded System Directive: org.apache.velocity.runtime.directive.Break
2017-04-22 16:25:43,575 - Loaded System Directive: org.apache.velocity.runtime.directive.Break
2017-04-22 16:25:43,575 - Loaded System Directive: org.apache.velocity.runtime.directive.Evaluate
2017-04-22 16:25:43,575 - Loaded System Directive: org.apache.velocity.runtime.directive.Evaluate
2017-04-22 16:25:43,575 - Loaded System Directive: org.apache.velocity.runtime.directive.Literal
2017-04-22 16:25:43,575 - Loaded System Directive: org.apache.velocity.runtime.directive.Literal
2017-04-22 16:25:43,575 - Loaded System Directive: org.apache.velocity.runtime.directive.Macro
2017-04-22 16:25:43,575 - Loaded System Directive: org.apache.velocity.runtime.directive.Macro
2017-04-22 16:25:43,575 - Loaded System Directive: org.apache.velocity.runtime.directive.Parse
2017-04-22 16:25:43,575 - Loaded System Directive: org.apache.velocity.runtime.directive.Parse
2017-04-22 16:25:43,575 - Loaded System Directive: org.apache.velocity.runtime.directive.Include
2017-04-22 16:25:43,575 - Loaded System Directive: org.apache.velocity.runtime.directive.Include
2017-04-22 16:25:43,575 - Loaded System Directive: org.apache.velocity.runtime.directive.Foreach
2017-04-22 16:25:43,575 - Loaded System Directive: org.apache.velocity.runtime.directive.Foreach
2017-04-22 16:25:43,576 - Created '20' parsers.
2017-04-22 16:25:43,576 - Created '20' parsers.
2017-04-22 16:25:43,576 - Velocimacro : "velocimacro.library" is not set.  Trying default library: VM_global_library.vm
2017-04-22 16:25:43,576 - Velocimacro : "velocimacro.library" is not set.  Trying default library: VM_global_library.vm
2017-04-22 16:25:43,578 - Velocimacro : Default library not found.
2017-04-22 16:25:43,578 - Velocimacro : Default library not found.
2017-04-22 16:25:43,578 - Velocimacro : allowInline = true : VMs can be defined inline in templates
2017-04-22 16:25:43,578 - Velocimacro : allowInline = true : VMs can be defined inline in templates
2017-04-22 16:25:43,578 - Velocimacro : allowInlineToOverride = false : VMs defined inline may NOT replace previous VM definitions
2017-04-22 16:25:43,578 - Velocimacro : allowInlineToOverride = false : VMs defined inline may NOT replace previous VM definitions
2017-04-22 16:25:43,578 - Velocimacro : allowInlineLocal = false : VMs defined inline will be global in scope if allowed.
2017-04-22 16:25:43,578 - Velocimacro : allowInlineLocal = false : VMs defined inline will be global in scope if allowed.
2017-04-22 16:25:43,578 - Velocimacro : autoload off : VM system will not automatically reload global library macros
2017-04-22 16:25:43,578 - Velocimacro : autoload off : VM system will not automatically reload global library macros
2017-04-22 16:25:43,579 - ResourceManager : unable to find resource 'template/generatorConfig.vm' in any resource loader.
2017-04-22 16:25:43,579 - ResourceManager : unable to find resource 'template/generatorConfig.vm' in any resource loader.
2017-04-22 17:15:54,635 - Log4JLogChute initialized using file 'velocity.log'
2017-04-22 17:15:54,636 - Initializing Velocity, Calling init()...
2017-04-22 17:15:54,636 - Starting Apache Velocity v1.7 (compiled: 2010-11-19 12:14:37)
2017-04-22 17:15:54,636 - Default Properties File: org\apache\velocity\runtime\defaults\velocity.properties
2017-04-22 17:15:54,636 - Trying to use logger class org.apache.velocity.runtime.log.AvalonLogChute
2017-04-22 17:15:54,636 - Target log system for org.apache.velocity.runtime.log.AvalonLogChute is not available (java.lang.NoClassDefFoundError: org/apache/log/format/Formatter).  Falling back to next log system...
2017-04-22 17:15:54,636 - Trying to use logger class org.apache.velocity.runtime.log.Log4JLogChute
2017-04-22 17:15:54,636 - Using logger class org.apache.velocity.runtime.log.Log4JLogChute
2017-04-22 17:15:54,656 - ResourceLoader instantiated: org.apache.velocity.runtime.resource.loader.FileResourceLoader
2017-04-22 17:15:54,657 - Do unicode file recognition:  false
2017-04-22 17:15:54,657 - FileResourceLoader : adding path '.'
2017-04-22 17:15:54,669 - ResourceCache: initialized (class org.apache.velocity.runtime.resource.ResourceCacheImpl) with class java.util.Collections$SynchronizedMap cache map.
2017-04-22 17:15:54,670 - Loaded System Directive: org.apache.velocity.runtime.directive.Stop
2017-04-22 17:15:54,671 - Loaded System Directive: org.apache.velocity.runtime.directive.Define
2017-04-22 17:15:54,673 - Loaded System Directive: org.apache.velocity.runtime.directive.Break
2017-04-22 17:15:54,674 - Loaded System Directive: org.apache.velocity.runtime.directive.Evaluate
2017-04-22 17:15:54,675 - Loaded System Directive: org.apache.velocity.runtime.directive.Literal
2017-04-22 17:15:54,679 - Loaded System Directive: org.apache.velocity.runtime.directive.Macro
2017-04-22 17:15:54,680 - Loaded System Directive: org.apache.velocity.runtime.directive.Parse
2017-04-22 17:15:54,681 - Loaded System Directive: org.apache.velocity.runtime.directive.Include
2017-04-22 17:15:54,684 - Loaded System Directive: org.apache.velocity.runtime.directive.Foreach
2017-04-22 17:15:54,757 - Created '20' parsers.
2017-04-22 17:15:54,792 - Velocimacro : "velocimacro.library" is not set.  Trying default library: VM_global_library.vm
2017-04-22 17:15:54,792 - Velocimacro : Default library not found.
2017-04-22 17:15:54,792 - Velocimacro : allowInline = true : VMs can be defined inline in templates
2017-04-22 17:15:54,793 - Velocimacro : allowInlineToOverride = false : VMs defined inline may NOT replace previous VM definitions
2017-04-22 17:15:54,793 - Velocimacro : allowInlineLocal = false : VMs defined inline will be global in scope if allowed.
2017-04-22 17:15:54,793 - Velocimacro : autoload off : VM system will not automatically reload global library macros
2017-04-22 17:15:54,797 - Log4JLogChute initialized using file 'velocity.log'
2017-04-22 17:15:54,797 - Log4JLogChute initialized using file 'velocity.log'
2017-04-22 17:15:54,799 - Initializing Velocity, Calling init()...
2017-04-22 17:15:54,799 - Initializing Velocity, Calling init()...
2017-04-22 17:15:54,799 - Starting Apache Velocity v1.7 (compiled: 2010-11-19 12:14:37)
2017-04-22 17:15:54,799 - Starting Apache Velocity v1.7 (compiled: 2010-11-19 12:14:37)
2017-04-22 17:15:54,799 - Default Properties File: org\apache\velocity\runtime\defaults\velocity.properties
2017-04-22 17:15:54,799 - Default Properties File: org\apache\velocity\runtime\defaults\velocity.properties
2017-04-22 17:15:54,799 - Trying to use logger class org.apache.velocity.runtime.log.AvalonLogChute
2017-04-22 17:15:54,799 - Trying to use logger class org.apache.velocity.runtime.log.AvalonLogChute
2017-04-22 17:15:54,799 - Target log system for org.apache.velocity.runtime.log.AvalonLogChute is not available (java.lang.NoClassDefFoundError: org/apache/log/format/Formatter).  Falling back to next log system...
2017-04-22 17:15:54,799 - Target log system for org.apache.velocity.runtime.log.AvalonLogChute is not available (java.lang.NoClassDefFoundError: org/apache/log/format/Formatter).  Falling back to next log system...
2017-04-22 17:15:54,799 - Trying to use logger class org.apache.velocity.runtime.log.Log4JLogChute
2017-04-22 17:15:54,799 - Trying to use logger class org.apache.velocity.runtime.log.Log4JLogChute
2017-04-22 17:15:54,800 - Using logger class org.apache.velocity.runtime.log.Log4JLogChute
2017-04-22 17:15:54,800 - Using logger class org.apache.velocity.runtime.log.Log4JLogChute
2017-04-22 17:15:54,800 - ResourceLoader instantiated: org.apache.velocity.runtime.resource.loader.FileResourceLoader
2017-04-22 17:15:54,800 - ResourceLoader instantiated: org.apache.velocity.runtime.resource.loader.FileResourceLoader
2017-04-22 17:15:54,800 - Do unicode file recognition:  false
2017-04-22 17:15:54,800 - Do unicode file recognition:  false
2017-04-22 17:15:54,800 - FileResourceLoader : adding path '.'
2017-04-22 17:15:54,800 - FileResourceLoader : adding path '.'
2017-04-22 17:15:54,800 - ResourceCache: initialized (class org.apache.velocity.runtime.resource.ResourceCacheImpl) with class java.util.Collections$SynchronizedMap cache map.
2017-04-22 17:15:54,800 - ResourceCache: initialized (class org.apache.velocity.runtime.resource.ResourceCacheImpl) with class java.util.Collections$SynchronizedMap cache map.
2017-04-22 17:15:54,806 - Loaded System Directive: org.apache.velocity.runtime.directive.Stop
2017-04-22 17:15:54,806 - Loaded System Directive: org.apache.velocity.runtime.directive.Stop
2017-04-22 17:15:54,807 - Loaded System Directive: org.apache.velocity.runtime.directive.Define
2017-04-22 17:15:54,807 - Loaded System Directive: org.apache.velocity.runtime.directive.Define
2017-04-22 17:15:54,807 - Loaded System Directive: org.apache.velocity.runtime.directive.Break
2017-04-22 17:15:54,807 - Loaded System Directive: org.apache.velocity.runtime.directive.Break
2017-04-22 17:15:54,807 - Loaded System Directive: org.apache.velocity.runtime.directive.Evaluate
2017-04-22 17:15:54,807 - Loaded System Directive: org.apache.velocity.runtime.directive.Evaluate
2017-04-22 17:15:54,807 - Loaded System Directive: org.apache.velocity.runtime.directive.Literal
2017-04-22 17:15:54,807 - Loaded System Directive: org.apache.velocity.runtime.directive.Literal
2017-04-22 17:15:54,807 - Loaded System Directive: org.apache.velocity.runtime.directive.Macro
2017-04-22 17:15:54,807 - Loaded System Directive: org.apache.velocity.runtime.directive.Macro
2017-04-22 17:15:54,807 - Loaded System Directive: org.apache.velocity.runtime.directive.Parse
2017-04-22 17:15:54,807 - Loaded System Directive: org.apache.velocity.runtime.directive.Parse
2017-04-22 17:15:54,807 - Loaded System Directive: org.apache.velocity.runtime.directive.Include
2017-04-22 17:15:54,807 - Loaded System Directive: org.apache.velocity.runtime.directive.Include
2017-04-22 17:15:54,807 - Loaded System Directive: org.apache.velocity.runtime.directive.Foreach
2017-04-22 17:15:54,807 - Loaded System Directive: org.apache.velocity.runtime.directive.Foreach
2017-04-22 17:15:54,809 - Created '20' parsers.
2017-04-22 17:15:54,809 - Created '20' parsers.
2017-04-22 17:15:54,809 - Velocimacro : "velocimacro.library" is not set.  Trying default library: VM_global_library.vm
2017-04-22 17:15:54,809 - Velocimacro : "velocimacro.library" is not set.  Trying default library: VM_global_library.vm
2017-04-22 17:15:54,810 - Velocimacro : Default library not found.
2017-04-22 17:15:54,810 - Velocimacro : Default library not found.
2017-04-22 17:15:54,810 - Velocimacro : allowInline = true : VMs can be defined inline in templates
2017-04-22 17:15:54,810 - Velocimacro : allowInline = true : VMs can be defined inline in templates
2017-04-22 17:15:54,810 - Velocimacro : allowInlineToOverride = false : VMs defined inline may NOT replace previous VM definitions
2017-04-22 17:15:54,810 - Velocimacro : allowInlineToOverride = false : VMs defined inline may NOT replace previous VM definitions
2017-04-22 17:15:54,810 - Velocimacro : allowInlineLocal = false : VMs defined inline will be global in scope if allowed.
2017-04-22 17:15:54,810 - Velocimacro : allowInlineLocal = false : VMs defined inline will be global in scope if allowed.
2017-04-22 17:15:54,810 - Velocimacro : autoload off : VM system will not automatically reload global library macros
2017-04-22 17:15:54,810 - Velocimacro : autoload off : VM system will not automatically reload global library macros
2017-04-22 17:15:54,812 - ResourceManager : unable to find resource 'classpath:template/generatorConfig.vm' in any resource loader.
2017-04-22 17:15:54,812 - ResourceManager : unable to find resource 'classpath:template/generatorConfig.vm' in any resource loader.
